[debug] [2022-05-16T12:23:51.918Z] ----------------------------------------------------------------------
[debug] [2022-05-16T12:23:51.923Z] Command:       C:\Program Files\nodejs\node.exe C:\Users\midxi\AppData\Roaming\npm\node_modules\firebase-tools\lib\bin\firebase.js serve
[debug] [2022-05-16T12:23:51.924Z] CLI Version:   10.9.2
[debug] [2022-05-16T12:23:51.925Z] Platform:      win32
[debug] [2022-05-16T12:23:51.925Z] Node Version:  v16.14.0
[debug] [2022-05-16T12:23:51.927Z] Time:          Mon May 16 2022 19:23:51 GMT+0700 (Western Indonesia Time)
[debug] [2022-05-16T12:23:51.928Z] ----------------------------------------------------------------------
[debug] 
[debug] [2022-05-16T12:23:51.935Z] >>> [apiv2][query] GET https://firebase-public.firebaseio.com/cli.json [none]
[debug] [2022-05-16T12:23:52.171Z] > command requires scopes: ["email","openid","https://www.googleapis.com/auth/cloudplatformprojects.readonly","https://www.googleapis.com/auth/firebase","https://www.googleapis.com/auth/cloud-platform"]
[debug] [2022-05-16T12:23:52.172Z] > authorizing via signed-in user (midxinnn@gmail.com)
[debug] [2022-05-16T12:23:52.172Z] [iam] checking project login-dimas for permissions ["firebase.projects.get"]
[debug] [2022-05-16T12:23:52.175Z] > refreshing access token with scopes: []
[debug] [2022-05-16T12:23:52.177Z] >>> HTTP REQUEST POST https://www.googleapis.com/oauth2/v3/token  
 <request body omitted>
[debug] [2022-05-16T12:23:52.362Z] <<< HTTP RESPONSE 200 {"date":"Mon, 16 May 2022 12:23:48 GMT","expires":"Mon, 01 Jan 1990 00:00:00 GMT","pragma":"no-cache","cache-control":"no-cache, no-store, max-age=0, must-revalidate","content-type":"application/json; charset=utf-8","vary":"X-Origin, Referer, Origin,Accept-Encoding","server":"scaffolding on HTTPServer2","x-xss-protection":"0","x-frame-options":"SAMEORIGIN","x-content-type-options":"nosniff","alt-svc":"h3=\":443\"; ma=2592000,h3-29=\":443\"; ma=2592000,h3-Q050=\":443\"; ma=2592000,h3-Q046=\":443\"; ma=2592000,h3-Q043=\":443\"; ma=2592000,quic=\":443\"; ma=2592000; v=\"46,43\"","accept-ranges":"none","transfer-encoding":"chunked"}
[debug] [2022-05-16T12:23:52.384Z] >>> [apiv2][query] POST https://cloudresourcemanager.googleapis.com/v1/projects/login-dimas:testIamPermissions [none]
[debug] [2022-05-16T12:23:52.385Z] >>> [apiv2][body] POST https://cloudresourcemanager.googleapis.com/v1/projects/login-dimas:testIamPermissions {"permissions":["firebase.projects.get"]}
[debug] [2022-05-16T12:23:52.939Z] <<< [apiv2][status] GET https://firebase-public.firebaseio.com/cli.json 200
[debug] [2022-05-16T12:23:52.940Z] <<< [apiv2][body] GET https://firebase-public.firebaseio.com/cli.json {"cloudBuildErrorAfter":1594252800000,"cloudBuildWarnAfter":1590019200000,"defaultNode10After":1594252800000,"minVersion":"3.0.5","node8DeploysDisabledAfter":1613390400000,"node8RuntimeDisabledAfter":1615809600000,"node8WarnAfter":1600128000000}
[debug] [2022-05-16T12:23:53.502Z] <<< [apiv2][status] POST https://cloudresourcemanager.googleapis.com/v1/projects/login-dimas:testIamPermissions 200
[debug] [2022-05-16T12:23:53.503Z] <<< [apiv2][body] POST https://cloudresourcemanager.googleapis.com/v1/projects/login-dimas:testIamPermissions {"permissions":["firebase.projects.get"]}
[debug] [2022-05-16T12:23:53.505Z] >>> [apiv2][query] GET https://firebase.googleapis.com/v1beta1/projects/login-dimas [none]
[debug] [2022-05-16T12:23:53.967Z] <<< [apiv2][status] GET https://firebase.googleapis.com/v1beta1/projects/login-dimas 200
[debug] [2022-05-16T12:23:53.968Z] <<< [apiv2][body] GET https://firebase.googleapis.com/v1beta1/projects/login-dimas {"projectId":"login-dimas","projectNumber":"974430399921","displayName":"login-dimas","name":"projects/login-dimas","resources":{"hostingSite":"login-dimas","storageBucket":"login-dimas.appspot.com","locationId":"us-central"},"state":"ACTIVE"}
[info] 
[info] === Serving from 'D:\Kuliah Semester 6\Pemrograman-Berbasis-Framework\Pertemuan 11\login-firebase'...
[info] 
[debug] [2022-05-16T12:23:53.973Z] >>> [apiv2][query] GET https://firebasehosting.googleapis.com/v1beta1/projects/login-dimas/sites 
[debug] [2022-05-16T12:23:55.390Z] <<< [apiv2][status] GET https://firebasehosting.googleapis.com/v1beta1/projects/login-dimas/sites 200
[debug] [2022-05-16T12:23:55.391Z] <<< [apiv2][body] GET https://firebasehosting.googleapis.com/v1beta1/projects/login-dimas/sites {"sites":[{"name":"projects/login-dimas/sites/login-dimas","defaultUrl":"https://login-dimas.web.app","appId":"1:974430399921:web:dca91323d4e44d0467e190","type":"DEFAULT_SITE"}]}
[debug] [2022-05-16T12:23:55.391Z] >>> [apiv2][query] GET https://firebase.googleapis.com/v1beta1/projects/login-dimas/webApps/1:974430399921:web:dca91323d4e44d0467e190/config [none]
[debug] [2022-05-16T12:23:56.633Z] <<< [apiv2][status] GET https://firebase.googleapis.com/v1beta1/projects/login-dimas/webApps/1:974430399921:web:dca91323d4e44d0467e190/config 200
[debug] [2022-05-16T12:23:56.633Z] <<< [apiv2][body] GET https://firebase.googleapis.com/v1beta1/projects/login-dimas/webApps/1:974430399921:web:dca91323d4e44d0467e190/config {"projectId":"login-dimas","appId":"1:974430399921:web:dca91323d4e44d0467e190","storageBucket":"login-dimas.appspot.com","locationId":"us-central","apiKey":"AIzaSyAepD6rU6pXEA9n28t1vmjdp0tZTI6K-5o","authDomain":"login-dimas.firebaseapp.com","messagingSenderId":"974430399921"}
[info] i  hosting: Serving hosting files from: y {"metadata":{"emulator":{"name":"hosting"},"message":"Serving hosting files from: \u001b[1my\u001b[22m"}}
[info] +  hosting: Local server: http://localhost:5000 {"metadata":{"emulator":{"name":"hosting"},"message":"Local server: \u001b[4m\u001b[1mhttp://localhost:5000\u001b[22m\u001b[24m"}}
